<?xml version="1.0" encoding="UTF-8"?>
<!-- Generated by org.testng.reporters.JUnitReportReporter -->
<testsuite skipped="0" hostname="GC-KOUKG001-L1" name="TS_VerifyHomeScreen" tests="1" failures="0" timestamp="28 Jul 2017 23:53:15 GMT" time="83.735" errors="0">
  <testcase name="verifyHomeScreen" time="83.735" classname="TS_VerifyHomeScreen"/>
</testsuite> <!-- TS_VerifyHomeScreen -->
