<?xml version="1.0" encoding="UTF-8"?>
<!-- Generated by org.testng.reporters.JUnitReportReporter -->
<testsuite skipped="0" hostname="GC-KOUKG001-L1" name="com.android.automation.DisneyLand.TS_VerifyHomeScreen" tests="1" failures="0" timestamp="12 Jun 2017 16:56:21 GMT" time="50.494" errors="0">
  <testcase name="verifyHomeScreen" time="50.494" classname="com.android.automation.DisneyLand.TS_VerifyHomeScreen"/>
</testsuite> <!-- com.android.automation.DisneyLand.TS_VerifyHomeScreen -->
